# JRE version: OpenJDK Runtime Environment (17.0.2+8) (build 17.0.2+8-86)
# Java VM: OpenJDK 64-Bit Server VM (17.0.2+8-86, mixed mode, sharing, tiered, compressed oops, compressed class ptrs, serial gc, windows-amd64)
GC Precious Log:
 CPUs: 8 total, 8 available
 Memory: 7926M
 Large Page Support: Disabled
 NUMA Support: Disabled
 Compressed Oops: Enabled (32-bit)
 Heap Min Capacity: 8M
 Heap Initial Capacity: 124M
 Heap Max Capacity: 1G
 Pre-touch: Disabled
Heap:
 def new generation   total 149120K, used 118023K [0x00000000c0000000, 0x00000000ca1c0000, 0x00000000d5550000)
  eden space 132608K,  76% used [0x00000000c0000000, 0x00000000c6321c38, 0x00000000c8180000)
  from space 16512K, 100% used [0x00000000c8180000, 0x00000000c91a0000, 0x00000000c91a0000)
  to   space 16512K,   0% used [0x00000000c91a0000, 0x00000000c91a0000, 0x00000000ca1c0000)
 tenured generation   total 330792K, used 224690K [0x00000000d5550000, 0x00000000e985a000, 0x0000000100000000)
   the space 330792K,  67% used [0x00000000d5550000, 0x00000000e30bcbd0, 0x00000000e30bcc00, 0x00000000e985a000)
 Metaspace       used 106837K, committed 108800K, reserved 520192K
  class space    used 14958K, committed 15808K, reserved 421888K
GC Heap History (20 events):
Event: 61.194 GC heap before
{Heap before GC invocations=47 (full 4):
 def new generation   total 87616K, used 85592K [0x00000000c0000000, 0x00000000c5f10000, 0x00000000d5550000)
  eden space 77888K, 100% used [0x00000000c0000000, 0x00000000c4c10000, 0x00000000c4c10000)
  from space 9728K,  79% used [0x00000000c5590000, 0x00000000c5d16230, 0x00000000c5f10000)
  to   space 9728K,   0% used [0x00000000c4c10000, 0x00000000c4c10000, 0x00000000c5590000)
 tenured generation   total 194252K, used 153679K [0x00000000d5550000, 0x00000000e1303000, 0x0000000100000000)
   the space 194252K,  79% used [0x00000000d5550000, 0x00000000deb63e30, 0x00000000deb64000, 0x00000000e1303000)
 Metaspace       used 91353K, committed 92544K, reserved 503808K
  class space    used 12827K, committed 13376K, reserved 421888K
}
Event: 61.251 GC heap after
{Heap after GC invocations=48 (full 4):
 def new generation   total 87616K, used 9728K [0x00000000c0000000, 0x00000000c5f10000, 0x00000000d5550000)
  eden space 77888K,   0% used [0x00000000c0000000, 0x00000000c0000000, 0x00000000c4c10000)
  from space 9728K, 100% used [0x00000000c4c10000, 0x00000000c5590000, 0x00000000c5590000)
  to   space 9728K,   0% used [0x00000000c5590000, 0x00000000c5590000, 0x00000000c5f10000)
 tenured generation   total 194252K, used 161299K [0x00000000d5550000, 0x00000000e1303000, 0x0000000100000000)
   the space 194252K,  83% used [0x00000000d5550000, 0x00000000df2d4cf8, 0x00000000df2d4e00, 0x00000000e1303000)
 Metaspace       used 91353K, committed 92544K, reserved 503808K
  class space    used 12827K, committed 13376K, reserved 421888K
}
Event: 62.682 GC heap before
{Heap before GC invocations=48 (full 4):
 def new generation   total 87616K, used 87616K [0x00000000c0000000, 0x00000000c5f10000, 0x00000000d5550000)
  eden space 77888K, 100% used [0x00000000c0000000, 0x00000000c4c10000, 0x00000000c4c10000)
  from space 9728K, 100% used [0x00000000c4c10000, 0x00000000c5590000, 0x00000000c5590000)
  to   space 9728K,   0% used [0x00000000c5590000, 0x00000000c5590000, 0x00000000c5f10000)
 tenured generation   total 194252K, used 161299K [0x00000000d5550000, 0x00000000e1303000, 0x0000000100000000)
   the space 194252K,  83% used [0x00000000d5550000, 0x00000000df2d4cf8, 0x00000000df2d4e00, 0x00000000e1303000)
 Metaspace       used 91357K, committed 92544K, reserved 503808K
  class space    used 12827K, committed 13376K, reserved 421888K
}
Event: 62.723 GC heap after
{Heap after GC invocations=49 (full 4):
 def new generation   total 87616K, used 4161K [0x00000000c0000000, 0x00000000c5f10000, 0x00000000d5550000)
  eden space 77888K,   0% used [0x00000000c0000000, 0x00000000c0000000, 0x00000000c4c10000)
  from space 9728K,  42% used [0x00000000c5590000, 0x00000000c59a0500, 0x00000000c5f10000)
  to   space 9728K,   0% used [0x00000000c4c10000, 0x00000000c4c10000, 0x00000000c5590000)
 tenured generation   total 194252K, used 168823K [0x00000000d5550000, 0x00000000e1303000, 0x0000000100000000)
   the space 194252K,  86% used [0x00000000d5550000, 0x00000000dfa2df70, 0x00000000dfa2e000, 0x00000000e1303000)
 Metaspace       used 91357K, committed 92544K, reserved 503808K
  class space    used 12827K, committed 13376K, reserved 421888K
}
Event: 64.170 GC heap before
{Heap before GC invocations=49 (full 4):
 def new generation   total 87616K, used 82049K [0x00000000c0000000, 0x00000000c5f10000, 0x00000000d5550000)
  eden space 77888K, 100% used [0x00000000c0000000, 0x00000000c4c10000, 0x00000000c4c10000)
  from space 9728K,  42% used [0x00000000c5590000, 0x00000000c59a0500, 0x00000000c5f10000)
  to   space 9728K,   0% used [0x00000000c4c10000, 0x00000000c4c10000, 0x00000000c5590000)
 tenured generation   total 194252K, used 168823K [0x00000000d5550000, 0x00000000e1303000, 0x0000000100000000)
   the space 194252K,  86% used [0x00000000d5550000, 0x00000000dfa2df70, 0x00000000dfa2e000, 0x00000000e1303000)
 Metaspace       used 91910K, committed 93184K, reserved 503808K
  class space    used 12888K, committed 13440K, reserved 421888K
}
Event: 64.252 GC heap after
{Heap after GC invocations=50 (full 4):
 def new generation   total 87616K, used 9728K [0x00000000c0000000, 0x00000000c5f10000, 0x00000000d5550000)
  eden space 77888K,   0% used [0x00000000c0000000, 0x00000000c0000000, 0x00000000c4c10000)
  from space 9728K, 100% used [0x00000000c4c10000, 0x00000000c5590000, 0x00000000c5590000)
  to   space 9728K,   0% used [0x00000000c5590000, 0x00000000c5590000, 0x00000000c5f10000)
 tenured generation   total 194252K, used 172524K [0x00000000d5550000, 0x00000000e1303000, 0x0000000100000000)
   the space 194252K,  88% used [0x00000000d5550000, 0x00000000dfdcb0c8, 0x00000000dfdcb200, 0x00000000e1303000)
 Metaspace       used 91910K, committed 93184K, reserved 503808K
  class space    used 12888K, committed 13440K, reserved 421888K
}
Event: 65.662 GC heap before
{Heap before GC invocations=50 (full 4):
 def new generation   total 87616K, used 87616K [0x00000000c0000000, 0x00000000c5f10000, 0x00000000d5550000)
  eden space 77888K, 100% used [0x00000000c0000000, 0x00000000c4c10000, 0x00000000c4c10000)
  from space 9728K, 100% used [0x00000000c4c10000, 0x00000000c5590000, 0x00000000c5590000)
  to   space 9728K,   0% used [0x00000000c5590000, 0x00000000c5590000, 0x00000000c5f10000)
 tenured generation   total 194252K, used 172524K [0x00000000d5550000, 0x00000000e1303000, 0x0000000100000000)
   the space 194252K,  88% used [0x00000000d5550000, 0x00000000dfdcb0c8, 0x00000000dfdcb200, 0x00000000e1303000)
 Metaspace       used 91910K, committed 93184K, reserved 503808K
  class space    used 12888K, committed 13440K, reserved 421888K
}
Event: 65.718 GC heap after
{Heap after GC invocations=51 (full 4):
 def new generation   total 87616K, used 3582K [0x00000000c0000000, 0x00000000c5f10000, 0x00000000d5550000)
  eden space 77888K,   0% used [0x00000000c0000000, 0x00000000c0000000, 0x00000000c4c10000)
  from space 9728K,  36% used [0x00000000c5590000, 0x00000000c590fbc8, 0x00000000c5f10000)
  to   space 9728K,   0% used [0x00000000c4c10000, 0x00000000c4c10000, 0x00000000c5590000)
 tenured generation   total 194252K, used 179886K [0x00000000d5550000, 0x00000000e1303000, 0x0000000100000000)
   the space 194252K,  92% used [0x00000000d5550000, 0x00000000e04fbb98, 0x00000000e04fbc00, 0x00000000e1303000)
 Metaspace       used 91910K, committed 93184K, reserved 503808K
  class space    used 12888K, committed 13440K, reserved 421888K
}
Event: 67.000 GC heap before
{Heap before GC invocations=51 (full 4):
 def new generation   total 87616K, used 81470K [0x00000000c0000000, 0x00000000c5f10000, 0x00000000d5550000)
  eden space 77888K, 100% used [0x00000000c0000000, 0x00000000c4c10000, 0x00000000c4c10000)
  from space 9728K,  36% used [0x00000000c5590000, 0x00000000c590fbc8, 0x00000000c5f10000)
  to   space 9728K,   0% used [0x00000000c4c10000, 0x00000000c4c10000, 0x00000000c5590000)
 tenured generation   total 194252K, used 179886K [0x00000000d5550000, 0x00000000e1303000, 0x0000000100000000)
   the space 194252K,  92% used [0x00000000d5550000, 0x00000000e04fbb98, 0x00000000e04fbc00, 0x00000000e1303000)
 Metaspace       used 92344K, committed 93696K, reserved 503808K
  class space    used 12942K, committed 13568K, reserved 421888K
}
Event: 67.060 GC heap after
{Heap after GC invocations=52 (full 4):
 def new generation   total 87616K, used 9728K [0x00000000c0000000, 0x00000000c5f10000, 0x00000000d5550000)
  eden space 77888K,   0% used [0x00000000c0000000, 0x00000000c0000000, 0x00000000c4c10000)
  from space 9728K, 100% used [0x00000000c4c10000, 0x00000000c5590000, 0x00000000c5590000)
  to   space 9728K,   0% used [0x00000000c5590000, 0x00000000c5590000, 0x00000000c5f10000)
 tenured generation   total 194252K, used 180821K [0x00000000d5550000, 0x00000000e1303000, 0x0000000100000000)
   the space 194252K,  93% used [0x00000000d5550000, 0x00000000e05e5400, 0x00000000e05e5400, 0x00000000e1303000)
 Metaspace       used 92344K, committed 93696K, reserved 503808K
  class space    used 12942K, committed 13568K, reserved 421888K
}
Event: 68.590 GC heap before
{Heap before GC invocations=52 (full 4):
 def new generation   total 87616K, used 87616K [0x00000000c0000000, 0x00000000c5f10000, 0x00000000d5550000)
  eden space 77888K, 100% used [0x00000000c0000000, 0x00000000c4c10000, 0x00000000c4c10000)
  from space 9728K, 100% used [0x00000000c4c10000, 0x00000000c5590000, 0x00000000c5590000)
  to   space 9728K,   0% used [0x00000000c5590000, 0x00000000c5590000, 0x00000000c5f10000)
 tenured generation   total 194252K, used 180821K [0x00000000d5550000, 0x00000000e1303000, 0x0000000100000000)
   the space 194252K,  93% used [0x00000000d5550000, 0x00000000e05e5400, 0x00000000e05e5400, 0x00000000e1303000)
 Metaspace       used 92513K, committed 93888K, reserved 503808K
  class space    used 12971K, committed 13568K, reserved 421888K
}
Event: 68.646 GC heap after
{Heap after GC invocations=53 (full 4):
 def new generation   total 87616K, used 7326K [0x00000000c0000000, 0x00000000c5f10000, 0x00000000d5550000)
  eden space 77888K,   0% used [0x00000000c0000000, 0x00000000c0000000, 0x00000000c4c10000)
  from space 9728K,  75% used [0x00000000c5590000, 0x00000000c5cb79c0, 0x00000000c5f10000)
  to   space 9728K,   0% used [0x00000000c4c10000, 0x00000000c4c10000, 0x00000000c5590000)
 tenured generation   total 194252K, used 188227K [0x00000000d5550000, 0x00000000e1303000, 0x0000000100000000)
   the space 194252K,  96% used [0x00000000d5550000, 0x00000000e0d20f38, 0x00000000e0d21000, 0x00000000e1303000)
 Metaspace       used 92513K, committed 93888K, reserved 503808K
  class space    used 12971K, committed 13568K, reserved 421888K
}
Event: 70.127 GC heap before
{Heap before GC invocations=53 (full 4):
 def new generation   total 87616K, used 85214K [0x00000000c0000000, 0x00000000c5f10000, 0x00000000d5550000)
  eden space 77888K, 100% used [0x00000000c0000000, 0x00000000c4c10000, 0x00000000c4c10000)
  from space 9728K,  75% used [0x00000000c5590000, 0x00000000c5cb79c0, 0x00000000c5f10000)
  to   space 9728K,   0% used [0x00000000c4c10000, 0x00000000c4c10000, 0x00000000c5590000)
 tenured generation   total 194252K, used 188227K [0x00000000d5550000, 0x00000000e1303000, 0x0000000100000000)
   the space 194252K,  96% used [0x00000000d5550000, 0x00000000e0d20f38, 0x00000000e0d21000, 0x00000000e1303000)
 Metaspace       used 93444K, committed 94976K, reserved 503808K
  class space    used 13094K, committed 13760K, reserved 421888K
}
Event: 70.231 GC heap after
{Heap after GC invocations=54 (full 4):
 def new generation   total 87616K, used 9728K [0x00000000c0000000, 0x00000000c5f10000, 0x00000000d5550000)
  eden space 77888K,   0% used [0x00000000c0000000, 0x00000000c0000000, 0x00000000c4c10000)
  from space 9728K, 100% used [0x00000000c4c10000, 0x00000000c5590000, 0x00000000c5590000)
  to   space 9728K,   0% used [0x00000000c5590000, 0x00000000c5590000, 0x00000000c5f10000)
 tenured generation   total 198476K, used 198379K [0x00000000d5550000, 0x00000000e1723000, 0x0000000100000000)
   the space 198476K,  99% used [0x00000000d5550000, 0x00000000e170ac60, 0x00000000e170ae00, 0x00000000e1723000)
 Metaspace       used 93444K, committed 94976K, reserved 503808K
  class space    used 13094K, committed 13760K, reserved 421888K
}
Event: 70.231 GC heap before
{Heap before GC invocations=54 (full 4):
 def new generation   total 87616K, used 9728K [0x00000000c0000000, 0x00000000c5f10000, 0x00000000d5550000)
  eden space 77888K,   0% used [0x00000000c0000000, 0x00000000c0000000, 0x00000000c4c10000)
  from space 9728K, 100% used [0x00000000c4c10000, 0x00000000c5590000, 0x00000000c5590000)
  to   space 9728K,   0% used [0x00000000c5590000, 0x00000000c5590000, 0x00000000c5f10000)
 tenured generation   total 198476K, used 198379K [0x00000000d5550000, 0x00000000e1723000, 0x0000000100000000)
   the space 198476K,  99% used [0x00000000d5550000, 0x00000000e170ac60, 0x00000000e170ae00, 0x00000000e1723000)
 Metaspace       used 93444K, committed 94976K, reserved 503808K
  class space    used 13094K, committed 13760K, reserved 421888K
}
Event: 70.820 GC heap after
{Heap after GC invocations=54 (full 5):
 def new generation   total 149120K, used 9632K [0x00000000c0000000, 0x00000000ca1c0000, 0x00000000d5550000)
  eden space 132608K,   7% used [0x00000000c0000000, 0x00000000c09680d8, 0x00000000c8180000)
  from space 16512K,   0% used [0x00000000c8180000, 0x00000000c8180000, 0x00000000c91a0000)
  to   space 16512K,   0% used [0x00000000c91a0000, 0x00000000c91a0000, 0x00000000ca1c0000)
 tenured generation   total 330792K, used 198474K [0x00000000d5550000, 0x00000000e985a000, 0x0000000100000000)
   the space 330792K,  59% used [0x00000000d5550000, 0x00000000e1722a70, 0x00000000e1722c00, 0x00000000e985a000)
 Metaspace       used 93444K, committed 94976K, reserved 503808K
  class space    used 13094K, committed 13760K, reserved 421888K
}
Event: 73.616 GC heap before
{Heap before GC invocations=54 (full 5):
 def new generation   total 149120K, used 132608K [0x00000000c0000000, 0x00000000ca1c0000, 0x00000000d5550000)
  eden space 132608K, 100% used [0x00000000c0000000, 0x00000000c8180000, 0x00000000c8180000)
  from space 16512K,   0% used [0x00000000c8180000, 0x00000000c8180000, 0x00000000c91a0000)
  to   space 16512K,   0% used [0x00000000c91a0000, 0x00000000c91a0000, 0x00000000ca1c0000)
 tenured generation   total 330792K, used 198474K [0x00000000d5550000, 0x00000000e985a000, 0x0000000100000000)
   the space 330792K,  59% used [0x00000000d5550000, 0x00000000e1722a70, 0x00000000e1722c00, 0x00000000e985a000)
 Metaspace       used 100793K, committed 102400K, reserved 512000K
  class space    used 14087K, committed 14784K, reserved 421888K
}
Event: 73.930 GC heap after
{Heap after GC invocations=55 (full 5):
 def new generation   total 149120K, used 16512K [0x00000000c0000000, 0x00000000ca1c0000, 0x00000000d5550000)
  eden space 132608K,   0% used [0x00000000c0000000, 0x00000000c0000000, 0x00000000c8180000)
  from space 16512K, 100% used [0x00000000c91a0000, 0x00000000ca1c0000, 0x00000000ca1c0000)
  to   space 16512K,   0% used [0x00000000c8180000, 0x00000000c8180000, 0x00000000c91a0000)
 tenured generation   total 330792K, used 207114K [0x00000000d5550000, 0x00000000e985a000, 0x0000000100000000)
   the space 330792K,  62% used [0x00000000d5550000, 0x00000000e1f92a08, 0x00000000e1f92c00, 0x00000000e985a000)
 Metaspace       used 100793K, committed 102400K, reserved 512000K
  class space    used 14087K, committed 14784K, reserved 421888K
}
Event: 76.316 GC heap before
{Heap before GC invocations=55 (full 5):
 def new generation   total 149120K, used 149120K [0x00000000c0000000, 0x00000000ca1c0000, 0x00000000d5550000)
  eden space 132608K, 100% used [0x00000000c0000000, 0x00000000c8180000, 0x00000000c8180000)
  from space 16512K, 100% used [0x00000000c91a0000, 0x00000000ca1c0000, 0x00000000ca1c0000)
  to   space 16512K,   0% used [0x00000000c8180000, 0x00000000c8180000, 0x00000000c91a0000)
 tenured generation   total 330792K, used 207114K [0x00000000d5550000, 0x00000000e985a000, 0x0000000100000000)
   the space 330792K,  62% used [0x00000000d5550000, 0x00000000e1f92a08, 0x00000000e1f92c00, 0x00000000e985a000)
 Metaspace       used 105398K, committed 107392K, reserved 520192K
  class space    used 14739K, committed 15616K, reserved 421888K
}
Event: 76.515 GC heap after
{Heap after GC invocations=56 (full 5):
 def new generation   total 149120K, used 16512K [0x00000000c0000000, 0x00000000ca1c0000, 0x00000000d5550000)
  eden space 132608K,   0% used [0x00000000c0000000, 0x00000000c0000000, 0x00000000c8180000)
  from space 16512K, 100% used [0x00000000c8180000, 0x00000000c91a0000, 0x00000000c91a0000)
  to   space 16512K,   0% used [0x00000000c91a0000, 0x00000000c91a0000, 0x00000000ca1c0000)
 tenured generation   total 330792K, used 224690K [0x00000000d5550000, 0x00000000e985a000, 0x0000000100000000)
   the space 330792K,  67% used [0x00000000d5550000, 0x00000000e30bcbd0, 0x00000000e30bcc00, 0x00000000e985a000)
 Metaspace       used 105398K, committed 107392K, reserved 520192K
  class space    used 14739K, committed 15616K, reserved 421888K
}

