# JRE version: OpenJDK Runtime Environment (17.0.2+8) (build 17.0.2+8-86)
# Java VM: OpenJDK 64-Bit Server VM (17.0.2+8-86, mixed mode, sharing, tiered, compressed oops, compressed class ptrs, serial gc, windows-amd64)
GC Precious Log:
 CPUs: 8 total, 8 available
 Memory: 7926M
 Large Page Support: Disabled
 NUMA Support: Disabled
 Compressed Oops: Enabled (32-bit)
 Heap Min Capacity: 8M
 Heap Initial Capacity: 124M
 Heap Max Capacity: 1G
 Pre-touch: Disabled
Heap:
 def new generation   total 48832K, used 8504K [0x00000000c0000000, 0x00000000c34f0000, 0x00000000d5550000)
  eden space 43456K,   9% used [0x00000000c0000000, 0x00000000c03f4aa0, 0x00000000c2a70000)
  from space 5376K,  82% used [0x00000000c2a70000, 0x00000000c2ec98d0, 0x00000000c2fb0000)
  to   space 5376K,   0% used [0x00000000c2fb0000, 0x00000000c2fb0000, 0x00000000c34f0000)
 tenured generation   total 172864K, used 108949K [0x00000000d5550000, 0x00000000dfe20000, 0x0000000100000000)
   the space 172864K,  63% used [0x00000000d5550000, 0x00000000dbfb5668, 0x00000000dbfb5800, 0x00000000dfe20000)
 Metaspace       used 88240K, committed 89216K, reserved 503808K
  class space    used 12374K, committed 12800K, reserved 421888K
GC Heap History (20 events):
Event: 36.970 GC heap before
{Heap before GC invocations=32 (full 3):
 def new generation   total 48832K, used 47929K [0x00000000c0000000, 0x00000000c34f0000, 0x00000000d5550000)
  eden space 43456K, 100% used [0x00000000c0000000, 0x00000000c2a70000, 0x00000000c2a70000)
  from space 5376K,  83% used [0x00000000c2fb0000, 0x00000000c340e4e0, 0x00000000c34f0000)
  to   space 5376K,   0% used [0x00000000c2a70000, 0x00000000c2a70000, 0x00000000c2fb0000)
 tenured generation   total 107980K, used 89696K [0x00000000d5550000, 0x00000000dbec3000, 0x0000000100000000)
   the space 107980K,  83% used [0x00000000d5550000, 0x00000000dace8340, 0x00000000dace8400, 0x00000000dbec3000)
 Metaspace       used 74501K, committed 75328K, reserved 487424K
  class space    used 10281K, committed 10688K, reserved 421888K
}
Event: 36.978 GC heap after
{Heap after GC invocations=33 (full 3):
 def new generation   total 48832K, used 3090K [0x00000000c0000000, 0x00000000c34f0000, 0x00000000d5550000)
  eden space 43456K,   0% used [0x00000000c0000000, 0x00000000c0000000, 0x00000000c2a70000)
  from space 5376K,  57% used [0x00000000c2a70000, 0x00000000c2d74aa8, 0x00000000c2fb0000)
  to   space 5376K,   0% used [0x00000000c2fb0000, 0x00000000c2fb0000, 0x00000000c34f0000)
 tenured generation   total 107980K, used 91924K [0x00000000d5550000, 0x00000000dbec3000, 0x0000000100000000)
   the space 107980K,  85% used [0x00000000d5550000, 0x00000000daf15368, 0x00000000daf15400, 0x00000000dbec3000)
 Metaspace       used 74501K, committed 75328K, reserved 487424K
  class space    used 10281K, committed 10688K, reserved 421888K
}
Event: 37.380 GC heap before
{Heap before GC invocations=33 (full 3):
 def new generation   total 48832K, used 46546K [0x00000000c0000000, 0x00000000c34f0000, 0x00000000d5550000)
  eden space 43456K, 100% used [0x00000000c0000000, 0x00000000c2a70000, 0x00000000c2a70000)
  from space 5376K,  57% used [0x00000000c2a70000, 0x00000000c2d74aa8, 0x00000000c2fb0000)
  to   space 5376K,   0% used [0x00000000c2fb0000, 0x00000000c2fb0000, 0x00000000c34f0000)
 tenured generation   total 107980K, used 91924K [0x00000000d5550000, 0x00000000dbec3000, 0x0000000100000000)
   the space 107980K,  85% used [0x00000000d5550000, 0x00000000daf15368, 0x00000000daf15400, 0x00000000dbec3000)
 Metaspace       used 74502K, committed 75328K, reserved 487424K
  class space    used 10281K, committed 10688K, reserved 421888K
}
Event: 37.388 GC heap after
{Heap after GC invocations=34 (full 3):
 def new generation   total 48832K, used 3327K [0x00000000c0000000, 0x00000000c34f0000, 0x00000000d5550000)
  eden space 43456K,   0% used [0x00000000c0000000, 0x00000000c0000000, 0x00000000c2a70000)
  from space 5376K,  61% used [0x00000000c2fb0000, 0x00000000c32efeb0, 0x00000000c34f0000)
  to   space 5376K,   0% used [0x00000000c2a70000, 0x00000000c2a70000, 0x00000000c2fb0000)
 tenured generation   total 107980K, used 92819K [0x00000000d5550000, 0x00000000dbec3000, 0x0000000100000000)
   the space 107980K,  85% used [0x00000000d5550000, 0x00000000daff4e60, 0x00000000daff5000, 0x00000000dbec3000)
 Metaspace       used 74502K, committed 75328K, reserved 487424K
  class space    used 10281K, committed 10688K, reserved 421888K
}
Event: 37.886 GC heap before
{Heap before GC invocations=34 (full 3):
 def new generation   total 48832K, used 46783K [0x00000000c0000000, 0x00000000c34f0000, 0x00000000d5550000)
  eden space 43456K, 100% used [0x00000000c0000000, 0x00000000c2a70000, 0x00000000c2a70000)
  from space 5376K,  61% used [0x00000000c2fb0000, 0x00000000c32efeb0, 0x00000000c34f0000)
  to   space 5376K,   0% used [0x00000000c2a70000, 0x00000000c2a70000, 0x00000000c2fb0000)
 tenured generation   total 107980K, used 92819K [0x00000000d5550000, 0x00000000dbec3000, 0x0000000100000000)
   the space 107980K,  85% used [0x00000000d5550000, 0x00000000daff4e60, 0x00000000daff5000, 0x00000000dbec3000)
 Metaspace       used 75931K, committed 76736K, reserved 495616K
  class space    used 10471K, committed 10816K, reserved 421888K
}
Event: 37.908 GC heap after
{Heap after GC invocations=35 (full 3):
 def new generation   total 48832K, used 5376K [0x00000000c0000000, 0x00000000c34f0000, 0x00000000d5550000)
  eden space 43456K,   0% used [0x00000000c0000000, 0x00000000c0000000, 0x00000000c2a70000)
  from space 5376K, 100% used [0x00000000c2a70000, 0x00000000c2fb0000, 0x00000000c2fb0000)
  to   space 5376K,   0% used [0x00000000c2fb0000, 0x00000000c2fb0000, 0x00000000c34f0000)
 tenured generation   total 107980K, used 101895K [0x00000000d5550000, 0x00000000dbec3000, 0x0000000100000000)
   the space 107980K,  94% used [0x00000000d5550000, 0x00000000db8d1f78, 0x00000000db8d2000, 0x00000000dbec3000)
 Metaspace       used 75931K, committed 76736K, reserved 495616K
  class space    used 10471K, committed 10816K, reserved 421888K
}
Event: 44.161 GC heap before
{Heap before GC invocations=35 (full 3):
 def new generation   total 48832K, used 48832K [0x00000000c0000000, 0x00000000c34f0000, 0x00000000d5550000)
  eden space 43456K, 100% used [0x00000000c0000000, 0x00000000c2a70000, 0x00000000c2a70000)
  from space 5376K, 100% used [0x00000000c2a70000, 0x00000000c2fb0000, 0x00000000c2fb0000)
  to   space 5376K,   0% used [0x00000000c2fb0000, 0x00000000c2fb0000, 0x00000000c34f0000)
 tenured generation   total 107980K, used 101895K [0x00000000d5550000, 0x00000000dbec3000, 0x0000000100000000)
   the space 107980K,  94% used [0x00000000d5550000, 0x00000000db8d1f78, 0x00000000db8d2000, 0x00000000dbec3000)
 Metaspace       used 76842K, committed 77632K, reserved 495616K
  class space    used 10586K, committed 10944K, reserved 421888K
}
Event: 44.171 GC heap after
{Heap after GC invocations=36 (full 3):
 def new generation   total 48832K, used 2364K [0x00000000c0000000, 0x00000000c34f0000, 0x00000000d5550000)
  eden space 43456K,   0% used [0x00000000c0000000, 0x00000000c0000000, 0x00000000c2a70000)
  from space 5376K,  43% used [0x00000000c2fb0000, 0x00000000c31ff1c0, 0x00000000c34f0000)
  to   space 5376K,   0% used [0x00000000c2a70000, 0x00000000c2a70000, 0x00000000c2fb0000)
 tenured generation   total 107980K, used 107255K [0x00000000d5550000, 0x00000000dbec3000, 0x0000000100000000)
   the space 107980K,  99% used [0x00000000d5550000, 0x00000000dbe0def0, 0x00000000dbe0e000, 0x00000000dbec3000)
 Metaspace       used 76842K, committed 77632K, reserved 495616K
  class space    used 10586K, committed 10944K, reserved 421888K
}
Event: 50.222 GC heap before
{Heap before GC invocations=36 (full 3):
 def new generation   total 48832K, used 45820K [0x00000000c0000000, 0x00000000c34f0000, 0x00000000d5550000)
  eden space 43456K, 100% used [0x00000000c0000000, 0x00000000c2a70000, 0x00000000c2a70000)
  from space 5376K,  43% used [0x00000000c2fb0000, 0x00000000c31ff1c0, 0x00000000c34f0000)
  to   space 5376K,   0% used [0x00000000c2a70000, 0x00000000c2a70000, 0x00000000c2fb0000)
 tenured generation   total 107980K, used 107255K [0x00000000d5550000, 0x00000000dbec3000, 0x0000000100000000)
   the space 107980K,  99% used [0x00000000d5550000, 0x00000000dbe0def0, 0x00000000dbe0e000, 0x00000000dbec3000)
 Metaspace       used 78716K, committed 79552K, reserved 495616K
  class space    used 10837K, committed 11200K, reserved 421888K
}
Event: 50.236 GC heap after
{Heap after GC invocations=37 (full 3):
 def new generation   total 48832K, used 4515K [0x00000000c0000000, 0x00000000c34f0000, 0x00000000d5550000)
  eden space 43456K,   0% used [0x00000000c0000000, 0x00000000c0000000, 0x00000000c2a70000)
  from space 5376K,  84% used [0x00000000c2a70000, 0x00000000c2ed8f68, 0x00000000c2fb0000)
  to   space 5376K,   0% used [0x00000000c2fb0000, 0x00000000c2fb0000, 0x00000000c34f0000)
 tenured generation   total 107980K, used 107255K [0x00000000d5550000, 0x00000000dbec3000, 0x0000000100000000)
   the space 107980K,  99% used [0x00000000d5550000, 0x00000000dbe0def0, 0x00000000dbe0e000, 0x00000000dbec3000)
 Metaspace       used 78716K, committed 79552K, reserved 495616K
  class space    used 10837K, committed 11200K, reserved 421888K
}
Event: 51.262 GC heap before
{Heap before GC invocations=37 (full 3):
 def new generation   total 48832K, used 47971K [0x00000000c0000000, 0x00000000c34f0000, 0x00000000d5550000)
  eden space 43456K, 100% used [0x00000000c0000000, 0x00000000c2a70000, 0x00000000c2a70000)
  from space 5376K,  84% used [0x00000000c2a70000, 0x00000000c2ed8f68, 0x00000000c2fb0000)
  to   space 5376K,   0% used [0x00000000c2fb0000, 0x00000000c2fb0000, 0x00000000c34f0000)
 tenured generation   total 107980K, used 107255K [0x00000000d5550000, 0x00000000dbec3000, 0x0000000100000000)
   the space 107980K,  99% used [0x00000000d5550000, 0x00000000dbe0def0, 0x00000000dbe0e000, 0x00000000dbec3000)
 Metaspace       used 81780K, committed 82624K, reserved 495616K
  class space    used 11328K, committed 11712K, reserved 421888K
}
Event: 51.280 GC heap after
{Heap after GC invocations=38 (full 3):
 def new generation   total 48832K, used 3941K [0x00000000c0000000, 0x00000000c34f0000, 0x00000000d5550000)
  eden space 43456K,   0% used [0x00000000c0000000, 0x00000000c0000000, 0x00000000c2a70000)
  from space 5376K,  73% used [0x00000000c2fb0000, 0x00000000c33894a8, 0x00000000c34f0000)
  to   space 5376K,   0% used [0x00000000c2a70000, 0x00000000c2a70000, 0x00000000c2fb0000)
 tenured generation   total 109132K, used 109095K [0x00000000d5550000, 0x00000000dbfe3000, 0x0000000100000000)
   the space 109132K,  99% used [0x00000000d5550000, 0x00000000dbfd9d78, 0x00000000dbfd9e00, 0x00000000dbfe3000)
 Metaspace       used 81780K, committed 82624K, reserved 495616K
  class space    used 11328K, committed 11712K, reserved 421888K
}
Event: 51.280 GC heap before
{Heap before GC invocations=38 (full 3):
 def new generation   total 48832K, used 3941K [0x00000000c0000000, 0x00000000c34f0000, 0x00000000d5550000)
  eden space 43456K,   0% used [0x00000000c0000000, 0x00000000c0000000, 0x00000000c2a70000)
  from space 5376K,  73% used [0x00000000c2fb0000, 0x00000000c33894a8, 0x00000000c34f0000)
  to   space 5376K,   0% used [0x00000000c2a70000, 0x00000000c2a70000, 0x00000000c2fb0000)
 tenured generation   total 109132K, used 109095K [0x00000000d5550000, 0x00000000dbfe3000, 0x0000000100000000)
   the space 109132K,  99% used [0x00000000d5550000, 0x00000000dbfd9d78, 0x00000000dbfd9e00, 0x00000000dbfe3000)
 Metaspace       used 81780K, committed 82624K, reserved 495616K
  class space    used 11328K, committed 11712K, reserved 421888K
}
Event: 53.526 GC heap after
{Heap after GC invocations=38 (full 4):
 def new generation   total 48832K, used 0K [0x00000000c0000000, 0x00000000c34f0000, 0x00000000d5550000)
  eden space 43456K,   0% used [0x00000000c0000000, 0x00000000c0000000, 0x00000000c2a70000)
  from space 5376K,   0% used [0x00000000c2fb0000, 0x00000000c2fb0000, 0x00000000c34f0000)
  to   space 5376K,   0% used [0x00000000c2a70000, 0x00000000c2a70000, 0x00000000c2fb0000)
 tenured generation   total 172864K, used 103717K [0x00000000d5550000, 0x00000000dfe20000, 0x0000000100000000)
   the space 172864K,  59% used [0x00000000d5550000, 0x00000000dba994b8, 0x00000000dba99600, 0x00000000dfe20000)
 Metaspace       used 81780K, committed 82624K, reserved 495616K
  class space    used 11328K, committed 11712K, reserved 421888K
}
Event: 54.068 GC heap before
{Heap before GC invocations=38 (full 4):
 def new generation   total 48832K, used 43456K [0x00000000c0000000, 0x00000000c34f0000, 0x00000000d5550000)
  eden space 43456K, 100% used [0x00000000c0000000, 0x00000000c2a70000, 0x00000000c2a70000)
  from space 5376K,   0% used [0x00000000c2fb0000, 0x00000000c2fb0000, 0x00000000c34f0000)
  to   space 5376K,   0% used [0x00000000c2a70000, 0x00000000c2a70000, 0x00000000c2fb0000)
 tenured generation   total 172864K, used 103717K [0x00000000d5550000, 0x00000000dfe20000, 0x0000000100000000)
   the space 172864K,  59% used [0x00000000d5550000, 0x00000000dba994b8, 0x00000000dba99600, 0x00000000dfe20000)
 Metaspace       used 84813K, committed 85696K, reserved 503808K
  class space    used 11870K, committed 12288K, reserved 421888K
}
Event: 54.076 GC heap after
{Heap after GC invocations=39 (full 4):
 def new generation   total 48832K, used 1797K [0x00000000c0000000, 0x00000000c34f0000, 0x00000000d5550000)
  eden space 43456K,   0% used [0x00000000c0000000, 0x00000000c0000000, 0x00000000c2a70000)
  from space 5376K,  33% used [0x00000000c2a70000, 0x00000000c2c316e0, 0x00000000c2fb0000)
  to   space 5376K,   0% used [0x00000000c2fb0000, 0x00000000c2fb0000, 0x00000000c34f0000)
 tenured generation   total 172864K, used 103717K [0x00000000d5550000, 0x00000000dfe20000, 0x0000000100000000)
   the space 172864K,  59% used [0x00000000d5550000, 0x00000000dba994b8, 0x00000000dba99600, 0x00000000dfe20000)
 Metaspace       used 84813K, committed 85696K, reserved 503808K
  class space    used 11870K, committed 12288K, reserved 421888K
}
Event: 54.461 GC heap before
{Heap before GC invocations=39 (full 4):
 def new generation   total 48832K, used 45253K [0x00000000c0000000, 0x00000000c34f0000, 0x00000000d5550000)
  eden space 43456K, 100% used [0x00000000c0000000, 0x00000000c2a70000, 0x00000000c2a70000)
  from space 5376K,  33% used [0x00000000c2a70000, 0x00000000c2c316e0, 0x00000000c2fb0000)
  to   space 5376K,   0% used [0x00000000c2fb0000, 0x00000000c2fb0000, 0x00000000c34f0000)
 tenured generation   total 172864K, used 103717K [0x00000000d5550000, 0x00000000dfe20000, 0x0000000100000000)
   the space 172864K,  59% used [0x00000000d5550000, 0x00000000dba994b8, 0x00000000dba99600, 0x00000000dfe20000)
 Metaspace       used 86592K, committed 87552K, reserved 503808K
  class space    used 12135K, committed 12544K, reserved 421888K
}
Event: 54.474 GC heap after
{Heap after GC invocations=40 (full 4):
 def new generation   total 48832K, used 5307K [0x00000000c0000000, 0x00000000c34f0000, 0x00000000d5550000)
  eden space 43456K,   0% used [0x00000000c0000000, 0x00000000c0000000, 0x00000000c2a70000)
  from space 5376K,  98% used [0x00000000c2fb0000, 0x00000000c34defb0, 0x00000000c34f0000)
  to   space 5376K,   0% used [0x00000000c2a70000, 0x00000000c2a70000, 0x00000000c2fb0000)
 tenured generation   total 172864K, used 103717K [0x00000000d5550000, 0x00000000dfe20000, 0x0000000100000000)
   the space 172864K,  59% used [0x00000000d5550000, 0x00000000dba994b8, 0x00000000dba99600, 0x00000000dfe20000)
 Metaspace       used 86592K, committed 87552K, reserved 503808K
  class space    used 12135K, committed 12544K, reserved 421888K
}
Event: 54.823 GC heap before
{Heap before GC invocations=40 (full 4):
 def new generation   total 48832K, used 48763K [0x00000000c0000000, 0x00000000c34f0000, 0x00000000d5550000)
  eden space 43456K, 100% used [0x00000000c0000000, 0x00000000c2a70000, 0x00000000c2a70000)
  from space 5376K,  98% used [0x00000000c2fb0000, 0x00000000c34defb0, 0x00000000c34f0000)
  to   space 5376K,   0% used [0x00000000c2a70000, 0x00000000c2a70000, 0x00000000c2fb0000)
 tenured generation   total 172864K, used 103717K [0x00000000d5550000, 0x00000000dfe20000, 0x0000000100000000)
   the space 172864K,  59% used [0x00000000d5550000, 0x00000000dba994b8, 0x00000000dba99600, 0x00000000dfe20000)
 Metaspace       used 88119K, committed 89088K, reserved 503808K
  class space    used 12355K, committed 12800K, reserved 421888K
}
Event: 54.844 GC heap after
{Heap after GC invocations=41 (full 4):
 def new generation   total 48832K, used 4454K [0x00000000c0000000, 0x00000000c34f0000, 0x00000000d5550000)
  eden space 43456K,   0% used [0x00000000c0000000, 0x00000000c0000000, 0x00000000c2a70000)
  from space 5376K,  82% used [0x00000000c2a70000, 0x00000000c2ec98d0, 0x00000000c2fb0000)
  to   space 5376K,   0% used [0x00000000c2fb0000, 0x00000000c2fb0000, 0x00000000c34f0000)
 tenured generation   total 172864K, used 108949K [0x00000000d5550000, 0x00000000dfe20000, 0x0000000100000000)
   the space 172864K,  63% used [0x00000000d5550000, 0x00000000dbfb5668, 0x00000000dbfb5800, 0x00000000dfe20000)
 Metaspace       used 88119K, committed 89088K, reserved 503808K
  class space    used 12355K, committed 12800K, reserved 421888K
}

